<?xml version="1.0" encoding="UTF-8"?>
<testng-results ignored="0" total="1" passed="1" failed="0" skipped="0">
  <reporter-output>
  </reporter-output>
  <suite started-at="2022-04-15T08:55:35Z" name="Default suite" finished-at="2022-04-15T08:56:23Z" duration-ms="47544">
    <groups>
    </groups>
    <test started-at="2022-04-15T08:55:35Z" name="Default test" finished-at="2022-04-15T08:56:23Z" duration-ms="47544">
      <class name="Testproject.TestNG">
        <test-method is-config="true" signature="beforeTest()[pri:0, instance:Testproject.TestNG@29a5f4e7]" started-at="2022-04-15T08:55:35Z" name="beforeTest" finished-at="2022-04-15T08:55:40Z" duration-ms="5055" status="PASS">
          <reporter-output>
          </reporter-output>
        </test-method> <!-- beforeTest -->
        <test-method signature="Search()[pri:0, instance:Testproject.TestNG@29a5f4e7]" started-at="2022-04-15T08:55:40Z" name="Search" finished-at="2022-04-15T08:56:20Z" duration-ms="40292" status="PASS">
          <reporter-output>
          </reporter-output>
        </test-method> <!-- Search -->
        <test-method is-config="true" signature="afterTest()[pri:0, instance:Testproject.TestNG@29a5f4e7]" started-at="2022-04-15T08:56:20Z" name="afterTest" finished-at="2022-04-15T08:56:23Z" duration-ms="2173" status="PASS">
          <reporter-output>
          </reporter-output>
        </test-method> <!-- afterTest -->
      </class> <!-- Testproject.TestNG -->
    </test> <!-- Default test -->
  </suite> <!-- Default suite -->
</testng-results>
